mode: atomic
github.com/frediansh/rcopenai/cmd/rcopenai-sample/main.go:19.13,24.69 4 0
github.com/frediansh/rcopenai/cmd/rcopenai-sample/main.go:24.69,26.3 1 0
github.com/frediansh/rcopenai/cmd/rcopenai-sample/main.go:28.2,29.18 2 0
github.com/frediansh/rcopenai/cmd/rcopenai-sample/main.go:29.18,31.3 1 0
github.com/frediansh/rcopenai/cmd/rcopenai-sample/main.go:33.2,34.17 2 0
github.com/frediansh/rcopenai/cmd/rcopenai-sample/main.go:34.17,36.3 1 0
github.com/frediansh/rcopenai/cmd/rcopenai-sample/main.go:38.2,39.24 2 0
github.com/frediansh/rcopenai/cmd/rcopenai-sample/main.go:39.24,41.3 1 0
github.com/frediansh/rcopenai/cmd/rcopenai-sample/main.go:42.2,43.23 2 0
github.com/frediansh/rcopenai/cmd/rcopenai-sample/main.go:43.23,45.3 1 0
github.com/frediansh/rcopenai/cmd/rcopenai-sample/main.go:46.2,48.26 3 0
github.com/frediansh/rcopenai/cmd/rcopenai-sample/main.go:48.26,50.3 1 0
github.com/frediansh/rcopenai/cmd/rcopenai-sample/main.go:52.2,54.17 3 0
github.com/frediansh/rcopenai/cmd/rcopenai-sample/main.go:54.17,56.17 2 0
github.com/frediansh/rcopenai/cmd/rcopenai-sample/main.go:56.17,58.4 1 0
github.com/frediansh/rcopenai/cmd/rcopenai-sample/main.go:59.3,59.42 1 0
github.com/frediansh/rcopenai/cmd/rcopenai-sample/main.go:59.42,62.4 2 0
github.com/frediansh/rcopenai/cmd/rcopenai-sample/main.go:63.3,63.23 1 0
github.com/frediansh/rcopenai/cmd/rcopenai-sample/main.go:66.2,73.19 4 0
github.com/frediansh/rcopenai/cmd/rcopenai-sample/main.go:73.19,77.3 1 0
github.com/frediansh/rcopenai/cmd/rcopenai-sample/main.go:79.2,91.46 2 0
github.com/frediansh/rcopenai/cmd/rcopenai-sample/main.go:91.46,94.4 2 0
github.com/frediansh/rcopenai/cmd/rcopenai-sample/main.go:95.50,98.4 2 0
github.com/frediansh/rcopenai/cmd/rcopenai-sample/main.go:100.2,100.16 1 0
github.com/frediansh/rcopenai/cmd/rcopenai-sample/main.go:100.16,102.3 1 0
github.com/frediansh/rcopenai/cmd/rcopenai-sample/main.go:103.2,110.22 6 0
github.com/frediansh/rcopenai/cmd/rcopenai-sample/main.go:110.22,112.3 1 0
github.com/frediansh/rcopenai/cmd/rcopenai-sample/main.go:113.2,113.22 1 0
github.com/frediansh/rcopenai/cmd/rcopenai-sample/main.go:113.22,115.3 1 0
github.com/frediansh/rcopenai/cmd/rcopenai-sample/main.go:116.2,133.16 13 0
github.com/frediansh/rcopenai/cmd/rcopenai-sample/main.go:133.16,135.3 1 0
github.com/frediansh/rcopenai/cmd/rcopenai-sample/main.go:135.8,137.3 1 0
github.com/frediansh/rcopenai/cmd/rcopenai-sample/main.go:139.2,149.38 8 0
github.com/frediansh/rcopenai/cmd/rcopenai-sample/main.go:152.35,158.6 5 0
github.com/frediansh/rcopenai/cmd/rcopenai-sample/main.go:158.6,159.10 1 0
github.com/frediansh/rcopenai/cmd/rcopenai-sample/main.go:160.15,161.10 1 0
github.com/frediansh/rcopenai/cmd/rcopenai-sample/main.go:162.19,164.7 2 0
github.com/frediansh/rcopenai/cmd/sample-describe-image/main.go:18.13,28.18 7 0
github.com/frediansh/rcopenai/cmd/sample-describe-image/main.go:28.18,30.3 1 0
github.com/frediansh/rcopenai/cmd/sample-describe-image/main.go:32.2,33.17 2 0
github.com/frediansh/rcopenai/cmd/sample-describe-image/main.go:33.17,35.3 1 0
github.com/frediansh/rcopenai/cmd/sample-describe-image/main.go:37.2,44.16 3 0
github.com/frediansh/rcopenai/cmd/sample-describe-image/main.go:44.16,46.3 1 0
github.com/frediansh/rcopenai/cmd/sample-describe-image/main.go:47.2,74.16 4 0
github.com/frediansh/rcopenai/cmd/sample-describe-image/main.go:74.16,76.3 1 0
github.com/frediansh/rcopenai/cmd/sample-describe-image/main.go:78.2,79.16 2 0
github.com/frediansh/rcopenai/cmd/sample-describe-image/main.go:79.16,81.3 1 0
github.com/frediansh/rcopenai/cmd/sample-describe-image/main.go:83.2,84.16 2 0
github.com/frediansh/rcopenai/cmd/sample-describe-image/main.go:84.16,86.3 1 0
github.com/frediansh/rcopenai/cmd/sample-describe-image/main.go:88.2,94.3 2 0
github.com/frediansh/rcopenai/cmd/sample-describe-image/main.go:97.63,99.15 2 0
github.com/frediansh/rcopenai/cmd/sample-describe-image/main.go:99.15,101.3 1 0
github.com/frediansh/rcopenai/cmd/sample-describe-image/main.go:103.2,105.31 3 0
github.com/frediansh/rcopenai/cmd/sample-describe-image/main.go:105.31,107.3 1 0
github.com/frediansh/rcopenai/cmd/sample-describe-image/main.go:109.2,110.58 2 0
github.com/frediansh/rcopenai/cmd/sample-describe-image/main.go:110.58,112.3 1 0
github.com/frediansh/rcopenai/cmd/sample-describe-image/main.go:114.2,115.62 2 0
github.com/frediansh/rcopenai/cmd/sample-describe-image/main.go:115.62,117.3 1 0
github.com/frediansh/rcopenai/cmd/sample-describe-image/main.go:119.2,120.28 2 0
github.com/frediansh/rcopenai/cmd/sample-describe-image/main.go:120.28,122.3 1 0
github.com/frediansh/rcopenai/cmd/sample-describe-image/main.go:123.2,123.24 1 0
github.com/frediansh/rcopenai/cmd/sample-describe-image/main.go:126.19,128.26 2 0
github.com/frediansh/rcopenai/cmd/sample-describe-image/main.go:128.26,129.39 1 0
github.com/frediansh/rcopenai/cmd/sample-describe-image/main.go:129.39,130.43 1 0
github.com/frediansh/rcopenai/cmd/sample-describe-image/main.go:130.43,132.5 1 0
github.com/frediansh/rcopenai/cmd/sample-describe-image/main.go:133.4,133.10 1 0
github.com/frediansh/rcopenai/internal/builtin/db_query.go:23.57,25.2 1 3
github.com/frediansh/rcopenai/internal/builtin/db_query.go:31.37,33.2 1 1
github.com/frediansh/rcopenai/internal/builtin/db_query.go:35.44,37.2 1 1
github.com/frediansh/rcopenai/internal/builtin/db_query.go:39.51,50.2 1 1
github.com/frediansh/rcopenai/internal/builtin/db_query.go:57.59,59.59 2 13
github.com/frediansh/rcopenai/internal/builtin/db_query.go:59.59,61.3 1 2
github.com/frediansh/rcopenai/internal/builtin/db_query.go:62.2,62.33 1 11
github.com/frediansh/rcopenai/internal/builtin/db_query.go:65.79,66.31 1 10
github.com/frediansh/rcopenai/internal/builtin/db_query.go:66.31,68.3 1 1
github.com/frediansh/rcopenai/internal/builtin/db_query.go:70.2,71.16 2 9
github.com/frediansh/rcopenai/internal/builtin/db_query.go:71.16,73.3 1 1
github.com/frediansh/rcopenai/internal/builtin/db_query.go:75.2,76.19 2 8
github.com/frediansh/rcopenai/internal/builtin/db_query.go:76.19,78.3 1 1
github.com/frediansh/rcopenai/internal/builtin/db_query.go:79.2,79.52 1 7
github.com/frediansh/rcopenai/internal/builtin/db_query.go:79.52,81.3 1 1
github.com/frediansh/rcopenai/internal/builtin/db_query.go:83.2,84.16 2 6
github.com/frediansh/rcopenai/internal/builtin/db_query.go:84.16,86.3 1 1
github.com/frediansh/rcopenai/internal/builtin/db_query.go:87.2,90.16 3 5
github.com/frediansh/rcopenai/internal/builtin/db_query.go:90.16,92.3 1 1
github.com/frediansh/rcopenai/internal/builtin/db_query.go:93.2,97.28 4 4
github.com/frediansh/rcopenai/internal/builtin/db_query.go:97.28,99.3 1 5
github.com/frediansh/rcopenai/internal/builtin/db_query.go:101.2,103.18 3 4
github.com/frediansh/rcopenai/internal/builtin/db_query.go:103.18,105.17 2 23
github.com/frediansh/rcopenai/internal/builtin/db_query.go:105.17,107.4 1 1
github.com/frediansh/rcopenai/internal/builtin/db_query.go:108.3,109.33 2 22
github.com/frediansh/rcopenai/internal/builtin/db_query.go:109.33,110.21 1 24
github.com/frediansh/rcopenai/internal/builtin/db_query.go:110.21,112.5 1 24
github.com/frediansh/rcopenai/internal/builtin/db_query.go:114.3,115.26 2 22
github.com/frediansh/rcopenai/internal/builtin/db_query.go:115.26,116.9 1 1
github.com/frediansh/rcopenai/internal/builtin/db_query.go:119.2,119.35 1 3
github.com/frediansh/rcopenai/internal/builtin/db_query.go:119.35,121.3 1 1
github.com/frediansh/rcopenai/internal/builtin/db_query.go:123.2,124.16 2 2
github.com/frediansh/rcopenai/internal/builtin/db_query.go:124.16,126.3 1 0
github.com/frediansh/rcopenai/internal/builtin/db_query.go:127.2,127.23 1 2
github.com/frediansh/rcopenai/internal/builtin/db_query.go:130.47,141.50 4 26
github.com/frediansh/rcopenai/internal/builtin/db_query.go:141.50,143.3 1 17
github.com/frediansh/rcopenai/internal/builtin/db_query.go:144.2,144.12 1 9
github.com/frediansh/rcopenai/internal/builtin/http_get.go:23.57,25.19 2 17
github.com/frediansh/rcopenai/internal/builtin/http_get.go:25.19,27.3 1 15
github.com/frediansh/rcopenai/internal/builtin/http_get.go:28.2,32.3 1 17
github.com/frediansh/rcopenai/internal/builtin/http_get.go:41.37,43.2 1 1
github.com/frediansh/rcopenai/internal/builtin/http_get.go:45.44,47.2 1 1
github.com/frediansh/rcopenai/internal/builtin/http_get.go:49.51,61.2 1 1
github.com/frediansh/rcopenai/internal/builtin/http_get.go:63.79,64.33 1 12
github.com/frediansh/rcopenai/internal/builtin/http_get.go:64.33,66.3 1 1
github.com/frediansh/rcopenai/internal/builtin/http_get.go:68.2,69.16 2 11
github.com/frediansh/rcopenai/internal/builtin/http_get.go:69.16,71.3 1 1
github.com/frediansh/rcopenai/internal/builtin/http_get.go:72.2,72.60 1 10
github.com/frediansh/rcopenai/internal/builtin/http_get.go:72.60,74.3 1 3
github.com/frediansh/rcopenai/internal/builtin/http_get.go:76.2,77.16 2 7
github.com/frediansh/rcopenai/internal/builtin/http_get.go:77.16,79.3 1 0
github.com/frediansh/rcopenai/internal/builtin/http_get.go:80.2,84.16 4 7
github.com/frediansh/rcopenai/internal/builtin/http_get.go:84.16,86.3 1 1
github.com/frediansh/rcopenai/internal/builtin/http_get.go:87.2,91.20 4 6
github.com/frediansh/rcopenai/internal/builtin/http_get.go:91.20,93.3 1 0
github.com/frediansh/rcopenai/internal/builtin/http_get.go:95.2,96.14 2 6
github.com/frediansh/rcopenai/internal/builtin/http_get.go:96.14,98.3 1 1
github.com/frediansh/rcopenai/internal/builtin/http_get.go:100.2,106.8 1 6
github.com/frediansh/rcopenai/internal/builtin/http_get.go:109.60,111.13 2 33
github.com/frediansh/rcopenai/internal/builtin/http_get.go:111.13,113.3 1 3
github.com/frediansh/rcopenai/internal/builtin/http_get.go:115.2,115.31 1 30
github.com/frediansh/rcopenai/internal/builtin/http_get.go:115.31,119.101 2 12
github.com/frediansh/rcopenai/internal/builtin/http_get.go:119.101,121.4 1 11
github.com/frediansh/rcopenai/internal/builtin/http_get.go:124.2,125.16 2 30
github.com/frediansh/rcopenai/internal/builtin/http_get.go:125.16,127.3 1 1
github.com/frediansh/rcopenai/internal/builtin/http_get.go:128.2,128.15 1 29
github.com/frediansh/rcopenai/internal/builtin/http_get.go:131.64,132.14 1 27
github.com/frediansh/rcopenai/internal/builtin/http_get.go:132.14,134.3 1 1
github.com/frediansh/rcopenai/internal/builtin/http_get.go:135.2,135.47 1 26
github.com/frediansh/rcopenai/internal/builtin/http_get.go:135.47,137.3 1 2
github.com/frediansh/rcopenai/internal/builtin/http_get.go:138.2,138.18 1 24
github.com/frediansh/rcopenai/internal/builtin/http_get.go:138.18,140.3 1 1
github.com/frediansh/rcopenai/internal/builtin/http_get.go:141.2,142.16 2 23
github.com/frediansh/rcopenai/internal/builtin/http_get.go:142.16,144.3 1 0
github.com/frediansh/rcopenai/internal/builtin/http_get.go:146.2,146.42 1 23
github.com/frediansh/rcopenai/internal/builtin/http_get.go:146.42,148.3 1 3
github.com/frediansh/rcopenai/internal/builtin/http_get.go:149.2,149.40 1 20
github.com/frediansh/rcopenai/internal/builtin/http_get.go:149.40,150.97 1 6
github.com/frediansh/rcopenai/internal/builtin/http_get.go:150.97,152.4 1 6
github.com/frediansh/rcopenai/internal/builtin/http_get.go:155.2,155.25 1 14
github.com/frediansh/rcopenai/internal/builtin/http_get.go:155.25,157.38 2 5
github.com/frediansh/rcopenai/internal/builtin/http_get.go:157.38,158.59 1 5
github.com/frediansh/rcopenai/internal/builtin/http_get.go:158.59,160.10 2 3
github.com/frediansh/rcopenai/internal/builtin/http_get.go:163.3,163.10 1 5
github.com/frediansh/rcopenai/internal/builtin/http_get.go:163.10,165.4 1 2
github.com/frediansh/rcopenai/internal/builtin/http_get.go:168.2,168.12 1 12
github.com/frediansh/rcopenai/internal/builtin/http_get.go:171.34,173.16 2 20
github.com/frediansh/rcopenai/internal/builtin/http_get.go:173.16,175.3 1 0
github.com/frediansh/rcopenai/internal/builtin/http_get.go:176.2,176.18 1 20
github.com/frediansh/rcopenai/internal/builtin/http_get.go:176.18,178.3 1 3
github.com/frediansh/rcopenai/internal/builtin/http_get.go:179.2,179.51 1 17
github.com/frediansh/rcopenai/internal/builtin/http_get.go:179.51,181.3 1 3
github.com/frediansh/rcopenai/internal/builtin/http_get.go:182.2,182.36 1 14
github.com/frediansh/rcopenai/internal/builtin/http_get.go:182.36,184.3 1 4
github.com/frediansh/rcopenai/internal/builtin/http_get.go:185.2,185.19 1 10
github.com/frediansh/rcopenai/internal/builtin/http_get.go:185.19,187.3 1 3
github.com/frediansh/rcopenai/internal/builtin/http_get.go:188.2,188.36 1 7
github.com/frediansh/rcopenai/internal/builtin/http_get.go:188.36,190.3 1 2
github.com/frediansh/rcopenai/internal/builtin/http_get.go:191.2,191.17 1 5
github.com/frediansh/rcopenai/internal/builtin/http_get.go:191.17,193.3 1 1
github.com/frediansh/rcopenai/internal/builtin/http_get.go:194.2,194.14 1 4
github.com/frediansh/rcopenai/agent_client.go:82.87,84.46 2 20
github.com/frediansh/rcopenai/agent_client.go:84.46,86.3 1 20
github.com/frediansh/rcopenai/agent_client.go:87.2,87.28 1 20
github.com/frediansh/rcopenai/agent_client.go:87.28,89.3 1 18
github.com/frediansh/rcopenai/agent_client.go:91.2,96.33 2 20
github.com/frediansh/rcopenai/agent_client.go:96.33,98.3 1 18
github.com/frediansh/rcopenai/agent_client.go:98.8,99.47 1 2
github.com/frediansh/rcopenai/agent_client.go:99.47,101.4 1 1
github.com/frediansh/rcopenai/agent_client.go:102.3,103.27 2 1
github.com/frediansh/rcopenai/agent_client.go:104.32,105.68 1 0
github.com/frediansh/rcopenai/agent_client.go:106.29,107.65 1 0
github.com/frediansh/rcopenai/agent_client.go:108.11,109.63 1 1
github.com/frediansh/rcopenai/agent_client.go:111.3,111.17 1 0
github.com/frediansh/rcopenai/agent_client.go:111.17,113.4 1 0
github.com/frediansh/rcopenai/agent_client.go:116.2,117.15 2 18
github.com/frediansh/rcopenai/agent_client.go:117.15,119.3 1 16
github.com/frediansh/rcopenai/agent_client.go:121.2,137.8 3 18
github.com/frediansh/rcopenai/agent_client.go:140.48,141.50 1 11
github.com/frediansh/rcopenai/agent_client.go:142.73,143.33 1 5
github.com/frediansh/rcopenai/agent_client.go:144.92,145.30 1 4
github.com/frediansh/rcopenai/agent_client.go:146.10,147.50 1 2
github.com/frediansh/rcopenai/agent_client.go:151.31,152.35 1 0
github.com/frediansh/rcopenai/agent_client.go:152.35,154.3 1 0
github.com/frediansh/rcopenai/agent_client.go:155.2,155.24 1 0
github.com/frediansh/rcopenai/agent_client.go:158.85,159.35 1 15
github.com/frediansh/rcopenai/agent_client.go:159.35,161.3 1 0
github.com/frediansh/rcopenai/agent_client.go:163.2,164.52 2 15
github.com/frediansh/rcopenai/agent_client.go:164.52,167.17 3 1
github.com/frediansh/rcopenai/agent_client.go:167.17,169.4 1 0
github.com/frediansh/rcopenai/agent_client.go:172.2,181.20 8 15
github.com/frediansh/rcopenai/agent_client.go:181.20,183.3 1 1
github.com/frediansh/rcopenai/agent_client.go:185.2,188.40 3 15
github.com/frediansh/rcopenai/agent_client.go:188.40,189.21 1 23
github.com/frediansh/rcopenai/agent_client.go:189.21,191.43 2 4
github.com/frediansh/rcopenai/agent_client.go:191.43,193.5 1 1
github.com/frediansh/rcopenai/agent_client.go:196.3,203.27 3 23
github.com/frediansh/rcopenai/agent_client.go:203.27,205.4 1 23
github.com/frediansh/rcopenai/agent_client.go:205.9,208.4 2 0
github.com/frediansh/rcopenai/agent_client.go:210.3,211.17 2 23
github.com/frediansh/rcopenai/agent_client.go:211.17,213.4 1 1
github.com/frediansh/rcopenai/agent_client.go:215.3,221.27 2 22
github.com/frediansh/rcopenai/agent_client.go:221.27,223.4 1 0
github.com/frediansh/rcopenai/agent_client.go:225.3,225.30 1 22
github.com/frediansh/rcopenai/agent_client.go:225.30,230.4 4 13
github.com/frediansh/rcopenai/agent_client.go:232.3,233.38 2 9
github.com/frediansh/rcopenai/agent_client.go:233.38,235.11 2 9
github.com/frediansh/rcopenai/agent_client.go:235.11,240.13 2 1
github.com/frediansh/rcopenai/agent_client.go:243.4,245.18 3 8
github.com/frediansh/rcopenai/agent_client.go:245.18,251.13 3 1
github.com/frediansh/rcopenai/agent_client.go:253.4,257.6 2 7
github.com/frediansh/rcopenai/agent_client.go:261.2,261.37 1 1
github.com/frediansh/rcopenai/agent_client.go:261.37,263.3 1 1
github.com/frediansh/rcopenai/agent_client.go:264.2,264.71 1 1
github.com/frediansh/rcopenai/agent_client.go:269.102,270.35 1 3
github.com/frediansh/rcopenai/agent_client.go:270.35,272.3 1 0
github.com/frediansh/rcopenai/agent_client.go:273.2,273.37 1 3
github.com/frediansh/rcopenai/agent_client.go:273.37,275.3 1 1
github.com/frediansh/rcopenai/agent_client.go:277.2,278.9 2 2
github.com/frediansh/rcopenai/agent_client.go:278.9,280.3 1 1
github.com/frediansh/rcopenai/agent_client.go:282.2,284.16 3 1
github.com/frediansh/rcopenai/agent_client.go:284.16,286.3 1 0
github.com/frediansh/rcopenai/agent_client.go:287.2,293.41 2 1
github.com/frediansh/rcopenai/agent_client.go:296.67,297.23 1 25
github.com/frediansh/rcopenai/agent_client.go:297.23,299.3 1 13
github.com/frediansh/rcopenai/agent_client.go:300.2,301.28 2 12
github.com/frediansh/rcopenai/agent_client.go:301.28,302.15 1 12
github.com/frediansh/rcopenai/agent_client.go:302.15,303.12 1 0
github.com/frediansh/rcopenai/agent_client.go:305.3,306.20 2 12
github.com/frediansh/rcopenai/agent_client.go:306.20,310.4 1 0
github.com/frediansh/rcopenai/agent_client.go:311.3,315.5 1 12
github.com/frediansh/rcopenai/agent_client.go:317.2,317.12 1 12
github.com/frediansh/rcopenai/agent_client.go:320.64,321.20 1 25
github.com/frediansh/rcopenai/agent_client.go:321.20,323.3 1 1
github.com/frediansh/rcopenai/agent_client.go:324.2,325.25 2 24
github.com/frediansh/rcopenai/agent_client.go:325.25,330.3 1 47
github.com/frediansh/rcopenai/agent_client.go:331.2,331.12 1 24
github.com/frediansh/rcopenai/callbacks.go:17.81,17.82 0 26
github.com/frediansh/rcopenai/callbacks.go:18.81,18.82 0 21
github.com/frediansh/rcopenai/callbacks.go:19.81,19.82 0 7
github.com/frediansh/rcopenai/callbacks.go:20.81,20.82 0 7
github.com/frediansh/rcopenai/callbacks.go:21.81,21.82 0 2
github.com/frediansh/rcopenai/iteration_monitor.go:18.89,19.24 1 15
github.com/frediansh/rcopenai/iteration_monitor.go:19.24,21.3 1 2
github.com/frediansh/rcopenai/iteration_monitor.go:22.2,22.52 1 15
github.com/frediansh/rcopenai/iteration_monitor.go:22.52,24.3 1 3
github.com/frediansh/rcopenai/iteration_monitor.go:25.2,28.3 1 15
github.com/frediansh/rcopenai/iteration_monitor.go:31.36,36.2 4 1
github.com/frediansh/rcopenai/iteration_monitor.go:38.85,46.22 6 135
github.com/frediansh/rcopenai/iteration_monitor.go:46.22,48.3 1 1
github.com/frediansh/rcopenai/iteration_monitor.go:49.2,49.47 1 135
github.com/frediansh/rcopenai/iteration_monitor.go:49.47,52.3 2 8
github.com/frediansh/rcopenai/iteration_monitor.go:53.2,54.8 2 135
github.com/frediansh/rcopenai/iteration_monitor.go:57.59,63.2 4 2
github.com/frediansh/rcopenai/prompt_template.go:9.81,11.16 2 10
github.com/frediansh/rcopenai/prompt_template.go:11.16,13.3 1 1
github.com/frediansh/rcopenai/prompt_template.go:15.2,20.16 3 9
github.com/frediansh/rcopenai/prompt_template.go:20.16,22.3 1 0
github.com/frediansh/rcopenai/prompt_template.go:23.2,23.24 1 9
github.com/frediansh/rcopenai/token_usage_handler.go:19.85,19.86 0 1
github.com/frediansh/rcopenai/token_usage_handler.go:21.85,29.2 6 111
github.com/frediansh/rcopenai/token_usage_handler.go:31.91,31.92 0 1
github.com/frediansh/rcopenai/token_usage_handler.go:32.91,32.92 0 1
github.com/frediansh/rcopenai/token_usage_handler.go:33.91,33.92 0 1
github.com/frediansh/rcopenai/token_usage_handler.go:35.47,39.22 3 4
github.com/frediansh/rcopenai/token_usage_handler.go:39.22,41.3 1 2
github.com/frediansh/rcopenai/token_usage_handler.go:42.2,50.3 2 2
github.com/frediansh/rcopenai/token_usage_handler.go:53.37,61.2 6 2
github.com/frediansh/rcopenai/tool.go:13.47,14.21 1 25
github.com/frediansh/rcopenai/tool.go:14.21,16.3 1 14
github.com/frediansh/rcopenai/tool.go:17.2,18.26 2 11
github.com/frediansh/rcopenai/tool.go:18.26,19.15 1 19
github.com/frediansh/rcopenai/tool.go:19.15,20.12 1 4
github.com/frediansh/rcopenai/tool.go:22.3,22.20 1 15
github.com/frediansh/rcopenai/tool.go:24.2,24.12 1 11
github.com/frediansh/rcopenai/internal/provider/deepseekchat/provider.go:27.53,28.18 1 2
github.com/frediansh/rcopenai/internal/provider/deepseekchat/provider.go:28.18,30.3 1 1
github.com/frediansh/rcopenai/internal/provider/deepseekchat/provider.go:32.2,35.38 2 1
github.com/frediansh/rcopenai/internal/provider/deepseekchat/provider.go:35.38,37.3 1 0
github.com/frediansh/rcopenai/internal/provider/deepseekchat/provider.go:39.2,42.15 4 1
github.com/frediansh/rcopenai/internal/provider/deepseekchat/provider.go:45.34,47.2 1 1
github.com/frediansh/rcopenai/internal/provider/deepseekchat/provider.go:49.101,53.33 3 23
github.com/frediansh/rcopenai/internal/provider/deepseekchat/provider.go:53.33,55.47 2 21
github.com/frediansh/rcopenai/internal/provider/deepseekchat/provider.go:55.47,57.4 1 1
github.com/frediansh/rcopenai/internal/provider/deepseekchat/provider.go:58.3,58.33 1 21
github.com/frediansh/rcopenai/internal/provider/deepseekchat/provider.go:58.33,59.18 1 24
github.com/frediansh/rcopenai/internal/provider/deepseekchat/provider.go:60.21,61.72 1 1
github.com/frediansh/rcopenai/internal/provider/deepseekchat/provider.go:62.18,63.69 1 1
github.com/frediansh/rcopenai/internal/provider/deepseekchat/provider.go:64.21,65.72 1 1
github.com/frediansh/rcopenai/internal/provider/deepseekchat/provider.go:66.12,67.67 1 21
github.com/frediansh/rcopenai/internal/provider/deepseekchat/provider.go:70.8,71.41 1 2
github.com/frediansh/rcopenai/internal/provider/deepseekchat/provider.go:71.41,73.4 1 1
github.com/frediansh/rcopenai/internal/provider/deepseekchat/provider.go:76.2,81.23 2 23
github.com/frediansh/rcopenai/internal/provider/deepseekchat/provider.go:81.23,83.30 2 1
github.com/frediansh/rcopenai/internal/provider/deepseekchat/provider.go:83.30,89.46 2 2
github.com/frediansh/rcopenai/internal/provider/deepseekchat/provider.go:89.46,91.5 1 1
github.com/frediansh/rcopenai/internal/provider/deepseekchat/provider.go:92.4,92.64 1 2
github.com/frediansh/rcopenai/internal/provider/deepseekchat/provider.go:94.3,94.23 1 1
github.com/frediansh/rcopenai/internal/provider/deepseekchat/provider.go:97.2,98.16 2 23
github.com/frediansh/rcopenai/internal/provider/deepseekchat/provider.go:98.16,100.3 1 1
github.com/frediansh/rcopenai/internal/provider/deepseekchat/provider.go:101.2,101.28 1 22
github.com/frediansh/rcopenai/internal/provider/deepseekchat/provider.go:101.28,103.3 1 1
github.com/frediansh/rcopenai/internal/provider/deepseekchat/provider.go:105.2,109.42 4 21
github.com/frediansh/rcopenai/internal/provider/deepseekchat/provider.go:109.42,111.3 1 19
github.com/frediansh/rcopenai/internal/provider/deepseekchat/provider.go:112.2,112.28 1 21
github.com/frediansh/rcopenai/internal/provider/deepseekchat/provider.go:112.28,114.3 1 2
github.com/frediansh/rcopenai/internal/provider/deepseekchat/provider.go:116.2,126.35 2 21
github.com/frediansh/rcopenai/internal/provider/deepseekchat/provider.go:126.35,129.10 3 2
github.com/frediansh/rcopenai/internal/provider/deepseekchat/provider.go:129.10,130.12 1 0
github.com/frediansh/rcopenai/internal/provider/deepseekchat/provider.go:133.3,138.5 2 2
github.com/frediansh/rcopenai/internal/provider/deepseekchat/provider.go:141.2,143.17 2 21
github.com/frediansh/rcopenai/internal/provider/openairesponses/provider.go:30.53,31.18 1 2
github.com/frediansh/rcopenai/internal/provider/openairesponses/provider.go:31.18,33.3 1 1
github.com/frediansh/rcopenai/internal/provider/openairesponses/provider.go:34.2,37.38 2 1
github.com/frediansh/rcopenai/internal/provider/openairesponses/provider.go:37.38,39.3 1 0
github.com/frediansh/rcopenai/internal/provider/openairesponses/provider.go:40.2,43.15 4 1
github.com/frediansh/rcopenai/internal/provider/openairesponses/provider.go:46.34,48.2 1 1
github.com/frediansh/rcopenai/internal/provider/openairesponses/provider.go:50.101,54.27 2 8
github.com/frediansh/rcopenai/internal/provider/openairesponses/provider.go:54.27,56.3 1 1
github.com/frediansh/rcopenai/internal/provider/openairesponses/provider.go:58.2,58.23 1 8
github.com/frediansh/rcopenai/internal/provider/openairesponses/provider.go:58.23,60.30 2 1
github.com/frediansh/rcopenai/internal/provider/openairesponses/provider.go:60.30,66.27 2 1
github.com/frediansh/rcopenai/internal/provider/openairesponses/provider.go:66.27,68.5 1 1
github.com/frediansh/rcopenai/internal/provider/openairesponses/provider.go:69.4,69.68 1 1
github.com/frediansh/rcopenai/internal/provider/openairesponses/provider.go:71.3,71.23 1 1
github.com/frediansh/rcopenai/internal/provider/openairesponses/provider.go:74.2,74.33 1 8
github.com/frediansh/rcopenai/internal/provider/openairesponses/provider.go:74.33,76.33 2 7
github.com/frediansh/rcopenai/internal/provider/openairesponses/provider.go:76.33,78.18 2 10
github.com/frediansh/rcopenai/internal/provider/openairesponses/provider.go:79.21,80.51 1 1
github.com/frediansh/rcopenai/internal/provider/openairesponses/provider.go:81.18,82.48 1 1
github.com/frediansh/rcopenai/internal/provider/openairesponses/provider.go:83.21,84.51 1 1
github.com/frediansh/rcopenai/internal/provider/openairesponses/provider.go:86.4,86.85 1 10
github.com/frediansh/rcopenai/internal/provider/openairesponses/provider.go:88.3,88.79 1 7
github.com/frediansh/rcopenai/internal/provider/openairesponses/provider.go:89.8,92.41 3 1
github.com/frediansh/rcopenai/internal/provider/openairesponses/provider.go:92.41,99.4 1 1
github.com/frediansh/rcopenai/internal/provider/openairesponses/provider.go:100.3,100.79 1 1
github.com/frediansh/rcopenai/internal/provider/openairesponses/provider.go:103.2,104.16 2 8
github.com/frediansh/rcopenai/internal/provider/openairesponses/provider.go:104.16,106.3 1 1
github.com/frediansh/rcopenai/internal/provider/openairesponses/provider.go:108.2,108.32 1 7
github.com/frediansh/rcopenai/internal/provider/openairesponses/provider.go:111.133,113.16 2 5
github.com/frediansh/rcopenai/internal/provider/openairesponses/provider.go:113.16,115.3 1 1
github.com/frediansh/rcopenai/internal/provider/openairesponses/provider.go:117.2,132.24 6 4
github.com/frediansh/rcopenai/internal/provider/openairesponses/provider.go:132.24,134.3 1 1
github.com/frediansh/rcopenai/internal/provider/openairesponses/provider.go:136.2,137.16 2 4
github.com/frediansh/rcopenai/internal/provider/openairesponses/provider.go:137.16,139.3 1 1
github.com/frediansh/rcopenai/internal/provider/openairesponses/provider.go:141.2,141.32 1 3
github.com/frediansh/rcopenai/internal/provider/openairesponses/provider.go:144.65,156.35 2 13
github.com/frediansh/rcopenai/internal/provider/openairesponses/provider.go:156.35,157.35 1 6
github.com/frediansh/rcopenai/internal/provider/openairesponses/provider.go:157.35,158.12 1 4
github.com/frediansh/rcopenai/internal/provider/openairesponses/provider.go:160.3,165.5 2 2
github.com/frediansh/rcopenai/internal/provider/openairesponses/provider.go:168.2,168.12 1 13
github.com/frediansh/rcopenai/internal/provider/openairesponses/provider.go:171.61,173.13 2 13
github.com/frediansh/rcopenai/internal/provider/openairesponses/provider.go:173.13,175.3 1 3
github.com/frediansh/rcopenai/internal/provider/openairesponses/provider.go:177.2,178.34 2 10
github.com/frediansh/rcopenai/internal/provider/openairesponses/provider.go:178.34,179.36 1 7
github.com/frediansh/rcopenai/internal/provider/openairesponses/provider.go:180.32,181.17 1 6
github.com/frediansh/rcopenai/internal/provider/openairesponses/provider.go:182.15,183.37 1 1
github.com/frediansh/rcopenai/internal/provider/openairesponses/provider.go:187.2,187.30 1 3
github.com/frediansh/rcopenai/internal/provider/openairesponses/provider.go:190.54,191.35 1 12
github.com/frediansh/rcopenai/internal/provider/openairesponses/provider.go:191.35,193.3 1 2
github.com/frediansh/rcopenai/internal/provider/openairesponses/provider.go:195.2,196.16 2 10
github.com/frediansh/rcopenai/internal/provider/openairesponses/provider.go:196.16,198.3 1 0
github.com/frediansh/rcopenai/internal/provider/openairesponses/provider.go:200.2,201.16 2 10
github.com/frediansh/rcopenai/internal/provider/openairesponses/provider.go:201.16,203.3 1 2
github.com/frediansh/rcopenai/internal/provider/openairesponses/provider.go:204.2,204.17 1 8
github.com/frediansh/rcopenai/internal/provider/openairesponses/provider.go:204.17,206.3 1 1
github.com/frediansh/rcopenai/internal/provider/openairesponses/provider.go:208.2,209.47 2 7
github.com/frediansh/rcopenai/internal/provider/openairesponses/provider.go:209.47,211.58 2 2
github.com/frediansh/rcopenai/internal/provider/openairesponses/provider.go:211.58,213.4 1 1
github.com/frediansh/rcopenai/internal/provider/openairesponses/provider.go:215.2,215.47 1 7
github.com/frediansh/rcopenai/internal/provider/openairesponses/provider.go:215.47,217.3 1 2
github.com/frediansh/rcopenai/internal/provider/openairesponses/provider.go:219.2,220.68 2 5
